Copyright 1986-2022 Xilinx, Inc. All Rights Reserved. Copyright 2022-2024 Advanced Micro Devices, Inc. All Rights Reserved.
---------------------------------------------------------------------------------------------------------------------------------------------
| Tool Version : Vivado v.2024.2 (win64) Build 5239630 Fri Nov 08 22:35:27 MST 2024
| Date         : Tue Apr 29 23:05:33 2025
| Host         : LAPTOP-JLHB4U1L running 64-bit major release  (build 9200)
| Command      : report_drc -file PE_Generic_drc_routed.rpt -pb PE_Generic_drc_routed.pb -rpx PE_Generic_drc_routed.rpx
| Design       : PE_Generic
| Device       : xc7z020clg484-1
| Speed File   : -1
| Design State : Fully Routed
---------------------------------------------------------------------------------------------------------------------------------------------

Report DRC

Table of Contents
-----------------
1. REPORT SUMMARY
2. REPORT DETAILS

1. REPORT SUMMARY
-----------------
            Netlist: netlist
          Floorplan: checkpoint_PE_Generic
      Design limits: <entire design considered>
           Ruledeck: default
             Max checks: <unlimited>
             Checks found: 18
+----------+------------------+----------------------------+--------+
| Rule     | Severity         | Description                | Checks |
+----------+------------------+----------------------------+--------+
| NSTD-1   | Critical Warning | Unspecified I/O Standard   | 1      |
| UCIO-1   | Critical Warning | Unconstrained Logical Port | 1      |
| PDRC-134 | Warning          | SLICE_PairEqSame_B6B5_WARN | 1      |
| PDRC-136 | Warning          | SLICE_PairEqSame_C6C5_WARN | 3      |
| PDRC-138 | Warning          | SLICE_PairEqSame_D6D5_WARN | 2      |
| PDRC-144 | Warning          | SLICE_PairEqSame_C6C5_WARN | 4      |
| PDRC-146 | Warning          | SLICE_PairEqSame_D6D5_WARN | 5      |
| ZPS7-1   | Warning          | PS7 block required         | 1      |
+----------+------------------+----------------------------+--------+

2. REPORT DETAILS
-----------------
NSTD-1#1 Critical Warning
Unspecified I/O Standard  
90 out of 91 logical ports use I/O standard (IOSTANDARD) value 'DEFAULT', instead of a user assigned specific value. This may cause I/O contention or incompatibility with the board power or connectivity affecting performance, signal integrity or in extreme cases cause damage to the device or the components to which it is connected. To correct this violation, specify all I/O standards. This design will fail to generate a bitstream unless all logical ports have a user specified I/O standard value defined. To allow bitstream creation with unspecified I/O standard values (not recommended), use this command: set_property SEVERITY {Warning} [get_drc_checks NSTD-1].  NOTE: When using the Vivado Runs infrastructure (e.g. launch_runs Tcl command), add this command to a .tcl file and add that file as a pre-hook for write_bitstream step for the implementation run. Problem ports: M1_sel, M2_sel, M3_sel, M4_sel, M5_sel, M6_sel[1:0], M7_sel[1:0],
input_A[15:0], input_B[15:0], input_C[15:0], input_D[15:0],
output_result[15:0], rst.
Related violations: <none>

UCIO-1#1 Critical Warning
Unconstrained Logical Port  
91 out of 91 logical ports have no user assigned specific location constraint (LOC). This may cause I/O contention or incompatibility with the board power or connectivity affecting performance, signal integrity or in extreme cases cause damage to the device or the components to which it is connected. To correct this violation, specify all pin locations. This design will fail to generate a bitstream unless all logical ports have a user specified site LOC constraint defined.  To allow bitstream creation with unspecified pin locations (not recommended), use this command: set_property SEVERITY {Warning} [get_drc_checks UCIO-1].  NOTE: When using the Vivado Runs infrastructure (e.g. launch_runs Tcl command), add this command to a .tcl file and add that file as a pre-hook for write_bitstream step for the implementation run.  Problem ports: M1_sel, M2_sel, M3_sel, M4_sel, M5_sel, M6_sel[1:0], M7_sel[1:0], clk,
input_A[15:0], input_B[15:0], input_C[15:0], input_D[15:0],
output_result[15:0], rst.
Related violations: <none>

PDRC-134#1 Warning
SLICE_PairEqSame_B6B5_WARN  
Luts B6LUT and B5LUT in use in site SLICE_X105Y28 with different equations without A6 pin connected to Global Logic High.
Related violations: <none>

PDRC-136#1 Warning
SLICE_PairEqSame_C6C5_WARN  
Luts C6LUT and C5LUT in use in site SLICE_X93Y34 with different equations without A6 pin connected to Global Logic High.
Related violations: <none>

PDRC-136#2 Warning
SLICE_PairEqSame_C6C5_WARN  
Luts C6LUT and C5LUT in use in site SLICE_X95Y30 with different equations without A6 pin connected to Global Logic High.
Related violations: <none>

PDRC-136#3 Warning
SLICE_PairEqSame_C6C5_WARN  
Luts C6LUT and C5LUT in use in site SLICE_X95Y33 with different equations without A6 pin connected to Global Logic High.
Related violations: <none>

PDRC-138#1 Warning
SLICE_PairEqSame_D6D5_WARN  
Luts D6LUT and D5LUT in use in site SLICE_X95Y30 with different equations without A6 pin connected to Global Logic High.
Related violations: <none>

PDRC-138#2 Warning
SLICE_PairEqSame_D6D5_WARN  
Luts D6LUT and D5LUT in use in site SLICE_X95Y33 with different equations without A6 pin connected to Global Logic High.
Related violations: <none>

PDRC-144#1 Warning
SLICE_PairEqSame_C6C5_WARN  
Luts C6LUT and C5LUT in use in site SLICE_X100Y26 with different equations without A6 pin connected to Global Logic High.
Related violations: <none>

PDRC-144#2 Warning
SLICE_PairEqSame_C6C5_WARN  
Luts C6LUT and C5LUT in use in site SLICE_X102Y26 with different equations without A6 pin connected to Global Logic High.
Related violations: <none>

PDRC-144#3 Warning
SLICE_PairEqSame_C6C5_WARN  
Luts C6LUT and C5LUT in use in site SLICE_X96Y30 with different equations without A6 pin connected to Global Logic High.
Related violations: <none>

PDRC-144#4 Warning
SLICE_PairEqSame_C6C5_WARN  
Luts C6LUT and C5LUT in use in site SLICE_X98Y32 with different equations without A6 pin connected to Global Logic High.
Related violations: <none>

PDRC-146#1 Warning
SLICE_PairEqSame_D6D5_WARN  
Luts D6LUT and D5LUT in use in site SLICE_X100Y26 with different equations without A6 pin connected to Global Logic High.
Related violations: <none>

PDRC-146#2 Warning
SLICE_PairEqSame_D6D5_WARN  
Luts D6LUT and D5LUT in use in site SLICE_X100Y33 with different equations without A6 pin connected to Global Logic High.
Related violations: <none>

PDRC-146#3 Warning
SLICE_PairEqSame_D6D5_WARN  
Luts D6LUT and D5LUT in use in site SLICE_X102Y26 with different equations without A6 pin connected to Global Logic High.
Related violations: <none>

PDRC-146#4 Warning
SLICE_PairEqSame_D6D5_WARN  
Luts D6LUT and D5LUT in use in site SLICE_X96Y30 with different equations without A6 pin connected to Global Logic High.
Related violations: <none>

PDRC-146#5 Warning
SLICE_PairEqSame_D6D5_WARN  
Luts D6LUT and D5LUT in use in site SLICE_X98Y32 with different equations without A6 pin connected to Global Logic High.
Related violations: <none>

ZPS7-1#1 Warning
PS7 block required  
The PS7 cell must be used in this Zynq design in order to enable correct default configuration.
Related violations: <none>


